Build started 16-6-2017 12:23:06.
     1>Project "C:\Documents and Settings\robot\desktop\Copy of RobotProgramCharlotte\ParallelPort\PaPiC.vcxproj" on node 2 (build target(s)).
     1>InitializeBuildStatus:
         Creating ".\Debug\PaPiC.unsuccessfulbuild" because "AlwaysCreate" was specified.
       ClCompile:
         All outputs are up-to-date.
         All outputs are up-to-date.
       ResourceCompile:
         All outputs are up-to-date.
       ManifestResourceCompile:
         All outputs are up-to-date.
       Link:
         All outputs are up-to-date.
       Manifest:
         C:\Program Files\Microsoft SDKs\Windows\v7.0A\bin\mt.exe /nologo /verbose /out:".\Debug\PaPiC.exe.embed.manifest" /manifest .\Debug\PaPiC.exe.intermediate.manifest "C:\Program Files\Microsoft Visual Studio 10.0\VC\Include\Manifest\dpiaware.manifest"
         All outputs are up-to-date.
       FinalizeBuildStatus:
         Deleting file ".\Debug\PaPiC.unsuccessfulbuild".
         Touching ".\Debug\PaPiC.lastbuildstate".
     1>Done Building Project "C:\Documents and Settings\robot\desktop\Copy of RobotProgramCharlotte\ParallelPort\PaPiC.vcxproj" (build target(s)).

Build succeeded.

Time Elapsed 00:00:00.04
